[    0.000000] Initializing cgroup subsys cpuset
[    0.000000] Initializing cgroup subsys cpu
[    0.000000] Initializing cgroup subsys cpuacct
[    0.000000] Linux version 4.4.0-148-generic (buildd@lgw01-amd64-031) (gcc version 5.4.0 20160609 (Ubuntu 5.4.0-6ubuntu1~16.04.10) ) #174-Ubuntu SMP Tue May 7 12:20:14 UTC 2019 (Ubuntu 4.4.0-148.174-generic 4.4.177)
[    0.000000] Command line: BOOT_IMAGE=/boot/vmlinuz-4.4.0-148-generic root=LABEL=cloudimg-rootfs ro console=tty1 console=ttyS0
[    0.000000] KERNEL supported cpus:
[    0.000000]   Intel GenuineIntel
[    0.000000]   AMD AuthenticAMD
[    0.000000]   Centaur CentaurHauls
[    0.000000] x86/fpu: xstate_offset[2]:  576, xstate_sizes[2]:  256
[    0.000000] x86/fpu: Supporting XSAVE feature 0x01: 'x87 floating point registers'
[    0.000000] x86/fpu: Supporting XSAVE feature 0x02: 'SSE registers'
[    0.000000] x86/fpu: Supporting XSAVE feature 0x04: 'AVX registers'
[    0.000000] x86/fpu: Enabled xstate features 0x7, context size is 832 bytes, using 'standard' format.
[    0.000000] e820: BIOS-provided physical RAM map:
[    0.000000] BIOS-e820: [mem 0x0000000000000000-0x000000000009fbff] usable
[    0.000000] BIOS-e820: [mem 0x000000000009fc00-0x000000000009ffff] reserved
[    0.000000] BIOS-e820: [mem 0x00000000000f0000-0x00000000000fffff] reserved
[    0.000000] BIOS-e820: [mem 0x0000000000100000-0x000000003ffeffff] usable
[    0.000000] BIOS-e820: [mem 0x000000003fff0000-0x000000003fffffff] ACPI data
[    0.000000] BIOS-e820: [mem 0x00000000fec00000-0x00000000fec00fff] reserved
[    0.000000] BIOS-e820: [mem 0x00000000fee00000-0x00000000fee00fff] reserved
[    0.000000] BIOS-e820: [mem 0x00000000fffc0000-0x00000000ffffffff] reserved
[    0.000000] NX (Execute Disable) protection: active
[    0.000000] SMBIOS 2.5 present.
[    0.000000] Hypervisor detected: KVM
[    0.000000] e820: last_pfn = 0x3fff0 max_arch_pfn = 0x400000000
[    0.000000] MTRR: Disabled
[    0.000000] x86/PAT: MTRRs disabled, skipping PAT initialization too.
[    0.000000] CPU MTRRs all blank - virtualized system.
[    0.000000] x86/PAT: Configuration [0-7]: WB  WT  UC- UC  WB  WT  UC- UC  
[    0.000000] found SMP MP-table at [mem 0x0009fff0-0x0009ffff] mapped at [ffff88000009fff0]
[    0.000000] Scanning 1 areas for low memory corruption
[    0.000000] RAMDISK: [mem 0x362fa000-0x37174fff]
[    0.000000] ACPI: Early table checksum verification disabled
[    0.000000] ACPI: RSDP 0x00000000000E0000 000024 (v02 VBOX  )
[    0.000000] ACPI: XSDT 0x000000003FFF0030 00003C (v01 VBOX   VBOXXSDT 00000001 ASL  00000061)
[    0.000000] ACPI: FACP 0x000000003FFF00F0 0000F4 (v04 VBOX   VBOXFACP 00000001 ASL  00000061)
[    0.000000] ACPI: DSDT 0x000000003FFF0470 0022EA (v02 VBOX   VBOXBIOS 00000002 INTL 20100528)
[    0.000000] ACPI: FACS 0x000000003FFF0200 000040
[    0.000000] ACPI: FACS 0x000000003FFF0200 000040
[    0.000000] ACPI: APIC 0x000000003FFF0240 00005C (v02 VBOX   VBOXAPIC 00000001 ASL  00000061)
[    0.000000] ACPI: SSDT 0x000000003FFF02A0 0001CC (v01 VBOX   VBOXCPUT 00000002 INTL 20100528)
[    0.000000] No NUMA configuration found
[    0.000000] Faking a node at [mem 0x0000000000000000-0x000000003ffeffff]
[    0.000000] NODE_DATA(0) allocated [mem 0x3ffeb000-0x3ffeffff]
[    0.000000] kvm-clock: Using msrs 4b564d01 and 4b564d00
[    0.000000] kvm-clock: cpu 0, msr 0:3ffe3001, primary cpu clock
[    0.000000] kvm-clock: using sched offset of 8682493198 cycles
[    0.000000] clocksource: kvm-clock: mask: 0xffffffffffffffff max_cycles: 0x1cd42e4dffb, max_idle_ns: 881590591483 ns
[    0.000000] Zone ranges:
[    0.000000]   DMA      [mem 0x0000000000001000-0x0000000000ffffff]
[    0.000000]   DMA32    [mem 0x0000000001000000-0x000000003ffeffff]
[    0.000000]   Normal   empty
[    0.000000]   Device   empty
[    0.000000] Movable zone start for each node
[    0.000000] Early memory node ranges
[    0.000000]   node   0: [mem 0x0000000000001000-0x000000000009efff]
[    0.000000]   node   0: [mem 0x0000000000100000-0x000000003ffeffff]
[    0.000000] Initmem setup node 0 [mem 0x0000000000001000-0x000000003ffeffff]
[    0.000000] ACPI: PM-Timer IO Port: 0x4008
[    0.000000] IOAPIC[0]: apic_id 2, version 32, address 0xfec00000, GSI 0-23
[    0.000000] ACPI: INT_SRC_OVR (bus 0 bus_irq 0 global_irq 2 dfl dfl)
[    0.000000] ACPI: INT_SRC_OVR (bus 0 bus_irq 9 global_irq 9 low level)
[    0.000000] Using ACPI (MADT) for SMP configuration information
[    0.000000] smpboot: Allowing 2 CPUs, 0 hotplug CPUs
[    0.000000] PM: Registered nosave memory: [mem 0x00000000-0x00000fff]
[    0.000000] PM: Registered nosave memory: [mem 0x0009f000-0x0009ffff]
[    0.000000] PM: Registered nosave memory: [mem 0x000a0000-0x000effff]
[    0.000000] PM: Registered nosave memory: [mem 0x000f0000-0x000fffff]
[    0.000000] e820: [mem 0x40000000-0xfebfffff] available for PCI devices
[    0.000000] Booting paravirtualized kernel on KVM
[    0.000000] clocksource: refined-jiffies: mask: 0xffffffff max_cycles: 0xffffffff, max_idle_ns: 7645519600211568 ns
[    0.000000] setup_percpu: NR_CPUS:512 nr_cpumask_bits:512 nr_cpu_ids:2 nr_node_ids:1
[    0.000000] PERCPU: Embedded 34 pages/cpu @ffff88003fc00000 s99480 r8192 d31592 u1048576
[    0.000000] Built 1 zonelists in Node order, mobility grouping on.  Total pages: 257912
[    0.000000] Policy zone: DMA32
[    0.000000] Kernel command line: BOOT_IMAGE=/boot/vmlinuz-4.4.0-148-generic root=LABEL=cloudimg-rootfs ro console=tty1 console=ttyS0
[    0.000000] PID hash table entries: 4096 (order: 3, 32768 bytes)
[    0.000000] Memory: 997732K/1048120K available (8609K kernel code, 1334K rwdata, 4028K rodata, 1484K init, 1284K bss, 50388K reserved, 0K cma-reserved)
[    0.000000] SLUB: HWalign=64, Order=0-3, MinObjects=0, CPUs=2, Nodes=1
[    0.000000] Kernel/User page tables isolation: enabled
[    0.000000] Hierarchical RCU implementation.
[    0.000000] 	Build-time adjustment of leaf fanout to 64.
[    0.000000] 	RCU restricting CPUs from NR_CPUS=512 to nr_cpu_ids=2.
[    0.000000] RCU: Adjusting geometry for rcu_fanout_leaf=64, nr_cpu_ids=2
[    0.000000] NR_IRQS:33024 nr_irqs:440 16
[    0.000000] Console: colour VGA+ 80x25
[    0.000000] console [tty1] enabled
[    0.000000] console [ttyS0] enabled
[    0.000000] tsc: Detected 1599.999 MHz processor
[    0.334038] Calibrating delay loop (skipped) preset value.. 3199.99 BogoMIPS (lpj=6399996)
[    0.338654] pid_max: default: 32768 minimum: 301
[    0.340973] ACPI: Core revision 20150930
[    0.344221] ACPI: 2 ACPI AML tables successfully acquired and loaded
[    0.347558] Security Framework initialized
[    0.349653] Yama: becoming mindful.
[    0.351557] AppArmor: AppArmor initialized
[    0.353783] Dentry cache hash table entries: 131072 (order: 8, 1048576 bytes)
[    0.359788] Inode-cache hash table entries: 65536 (order: 7, 524288 bytes)
[    0.363565] Mount-cache hash table entries: 2048 (order: 2, 16384 bytes)
[    0.366785] Mountpoint-cache hash table entries: 2048 (order: 2, 16384 bytes)
[    0.370505] Initializing cgroup subsys io
[    0.372608] Initializing cgroup subsys memory
[    0.374883] Initializing cgroup subsys devices
[    0.376995] Initializing cgroup subsys freezer
[    0.378895] Initializing cgroup subsys net_cls
[    0.380705] Initializing cgroup subsys perf_event
[    0.382682] Initializing cgroup subsys net_prio
[    0.385161] Initializing cgroup subsys hugetlb
[    0.387480] Initializing cgroup subsys pids
[    0.390772] mce: CPU supports 0 MCE banks
[    0.392886] Last level iTLB entries: 4KB 64, 2MB 8, 4MB 8
[    0.395602] Last level dTLB entries: 4KB 64, 2MB 0, 4MB 0, 1GB 4
[    0.397926] Spectre V2 : Mitigation: Full generic retpoline
[    0.400188] Spectre V2 : Spectre v2 / SpectreRSB mitigation: Filling RSB on context switch
[    0.403731] Speculative Store Bypass: Vulnerable
[    0.406178] MDS: Vulnerable: Clear CPU buffers attempted, no microcode
[    0.413112] Freeing SMP alternatives memory: 36K
[    0.422829] ftrace: allocating 32293 entries in 127 pages
[    0.500167] smpboot: APIC(0) Converting physical 0 to logical package 0
[    0.503485] smpboot: Max logical packages: 1
[    0.505958] x2apic enabled
[    0.507783] Switched APIC routing to physical x2apic.
[    0.511765] ..TIMER: vector=0x30 apic1=0 pin1=2 apic2=-1 pin2=-1
[    0.622559] APIC calibration not consistent with PM-Timer: 98ms instead of 100ms
[    0.626387] APIC delta adjusted to PM-Timer: 6245536 (6182480)
[    0.629867] smpboot: CPU0: Intel(R) Core(TM) i5-5250U CPU @ 1.60GHz (family: 0x6, model: 0x3d, stepping: 0x4)
[    0.634926] Performance Events: unsupported p6 CPU model 61 no PMU driver, software events only.
[    0.652777] KVM setup paravirtual spinlock
[    0.655935] x86: Booting SMP configuration:
[    0.658245] .... node  #0, CPUs:      #1
[    0.660921] kvm-clock: cpu 1, msr 0:3ffe3041, secondary cpu clock
[    0.665820] mce: CPU supports 0 MCE banks
[    0.669725] x86: Booted up 1 node, 2 CPUs
[    0.672113] smpboot: Total of 2 processors activated (6399.99 BogoMIPS)
[    0.676230] devtmpfs: initialized
[    0.680440] evm: security.selinux
[    0.682375] evm: security.SMACK64
[    0.684300] evm: security.SMACK64EXEC
[    0.686376] evm: security.SMACK64TRANSMUTE
[    0.688502] evm: security.SMACK64MMAP
[    0.690558] evm: security.ima
[    0.692337] evm: security.capability
[    0.695188] clocksource: jiffies: mask: 0xffffffff max_cycles: 0xffffffff, max_idle_ns: 7645041785100000 ns
[    0.700195] futex hash table entries: 512 (order: 3, 32768 bytes)
[    0.703478] pinctrl core: initialized pinctrl subsystem
[    0.706238] RTC time: 16:19:52, date: 05/29/19
[    0.708722] NET: Registered protocol family 16
[    0.722555] cpuidle: using governor ladder
[    0.734905] cpuidle: using governor menu
[    0.736960] PCCT header not found.
[    0.739012] ACPI: bus type PCI registered
[    0.741063] acpiphp: ACPI Hot Plug PCI Controller Driver version: 0.5
[    0.744360] PCI: Using configuration type 1 for base access
[    0.759263] ACPI: Added _OSI(Module Device)
[    0.761862] ACPI: Added _OSI(Processor Device)
[    0.764377] ACPI: Added _OSI(3.0 _SCP Extensions)
[    0.766880] ACPI: Added _OSI(Processor Aggregator Device)
[    0.770769] ACPI: Executed 1 blocks of module-level executable AML code
[    0.776835] ACPI: Interpreter enabled
[    0.778821] ACPI: (supports S0 S5)
[    0.780620] ACPI: Using IOAPIC for interrupt routing
[    0.783837] PCI: Using host bridge windows from ACPI; if necessary, use "pci=nocrs" and report a bug
[    0.795275] ACPI: PCI Root Bridge [PCI0] (domain 0000 [bus 00-ff])
[    0.797738] acpi PNP0A03:00: _OSC: OS supports [ASPM ClockPM Segments MSI]
[    0.800705] acpi PNP0A03:00: _OSC: not requesting OS control; OS requires [ExtendedConfig ASPM ClockPM MSI]
[    0.805438] acpi PNP0A03:00: fail to add MMCONFIG information, can't access extended PCI configuration space under this bridge.
[    0.812007] PCI host bridge to bus 0000:00
[    0.814291] pci_bus 0000:00: root bus resource [io  0x0000-0x0cf7 window]
[    0.817555] pci_bus 0000:00: root bus resource [io  0x0d00-0xffff window]
[    0.820968] pci_bus 0000:00: root bus resource [mem 0x000a0000-0x000bffff window]
[    0.824970] pci_bus 0000:00: root bus resource [mem 0x40000000-0xfdffffff window]
[    0.829458] pci_bus 0000:00: root bus resource [bus 00-ff]
[    0.837371] pci 0000:00:01.1: legacy IDE quirk: reg 0x10: [io  0x01f0-0x01f7]
[    0.840875] pci 0000:00:01.1: legacy IDE quirk: reg 0x14: [io  0x03f6]
[    0.844333] pci 0000:00:01.1: legacy IDE quirk: reg 0x18: [io  0x0170-0x0177]
[    0.860001] pci 0000:00:01.1: legacy IDE quirk: reg 0x1c: [io  0x0376]
[    0.900050] pci 0000:00:07.0: quirk: [io  0x4000-0x403f] claimed by PIIX4 ACPI
[    0.905133] pci 0000:00:07.0: quirk: [io  0x4100-0x410f] claimed by PIIX4 SMB
[    0.933715] ACPI: PCI Interrupt Link [LNKA] (IRQs 5 9 10 *11)
[    0.939097] ACPI: PCI Interrupt Link [LNKB] (IRQs 5 9 *10 11)
[    0.943184] ACPI: PCI Interrupt Link [LNKC] (IRQs 5 *9 10 11)
[    0.949883] ACPI: PCI Interrupt Link [LNKD] (IRQs 5 9 10 *11)
[    0.956375] ACPI: Enabled 2 GPEs in block 00 to 07
[    0.963446] vgaarb: setting as boot device: PCI:0000:00:02.0
[    0.967962] vgaarb: device added: PCI:0000:00:02.0,decodes=io+mem,owns=io+mem,locks=none
[    0.977601] vgaarb: loaded
[    0.981930] vgaarb: bridge control possible 0000:00:02.0
[    0.991433] SCSI subsystem initialized
[    0.996811] ACPI: bus type USB registered
[    1.000655] usbcore: registered new interface driver usbfs
[    1.006216] usbcore: registered new interface driver hub
[    1.010014] usbcore: registered new device driver usb
[    1.015190] PCI: Using ACPI for IRQ routing
[    1.019814] NetLabel: Initializing
[    1.022523] NetLabel:  domain hash size = 128
[    1.026310] NetLabel:  protocols = UNLABELED CIPSOv4
[    1.033545] NetLabel:  unlabeled traffic allowed by default
[    1.039268] amd_nb: Cannot enumerate AMD northbridges
[    1.044481] clocksource: Switched to clocksource kvm-clock
[    1.067258] AppArmor: AppArmor Filesystem Enabled
[    1.070417] pnp: PnP ACPI init
[    1.073758] pnp: PnP ACPI: found 3 devices
[    1.090436] clocksource: acpi_pm: mask: 0xffffff max_cycles: 0xffffff, max_idle_ns: 2085701024 ns
[    1.095462] NET: Registered protocol family 2
[    1.097539] TCP established hash table entries: 8192 (order: 4, 65536 bytes)
[    1.100861] TCP bind hash table entries: 8192 (order: 5, 131072 bytes)
[    1.104240] TCP: Hash tables configured (established 8192 bind 8192)
[    1.107405] UDP hash table entries: 512 (order: 2, 16384 bytes)
[    1.110408] UDP-Lite hash table entries: 512 (order: 2, 16384 bytes)
[    1.113595] NET: Registered protocol family 1
[    1.115909] pci 0000:00:00.0: Limiting direct PCI/PCI transfers
[    1.118934] pci 0000:00:01.0: Activating ISA DMA hang workarounds
[    1.122245] Unpacking initramfs...
[    1.417488] Freeing initrd memory: 14828K
[    1.419785] RAPL PMU detected, API unit is 2^-32 Joules, 4 fixed counters 10737418240 ms ovfl timer
[    1.424570] hw unit of domain pp0-core 2^-0 Joules
[    1.427198] hw unit of domain package 2^-0 Joules
[    1.429901] hw unit of domain dram 2^-0 Joules
[    1.432164] hw unit of domain pp1-gpu 2^-0 Joules
[    1.434637] clocksource: tsc: mask: 0xffffffffffffffff max_cycles: 0x171023f09ff, max_idle_ns: 440795233615 ns
[    1.440074] platform rtc_cmos: registered platform RTC device (no PNP device found)
[    1.444235] Scanning for low memory corruption every 60 seconds
[    1.447790] audit: initializing netlink subsys (disabled)
[    1.450890] audit: type=2000 audit(1559146802.883:1): initialized
[    1.454307] Initialise system trusted keyring
[    1.456849] HugeTLB registered 2 MB page size, pre-allocated 0 pages
[    1.462150] zbud: loaded
[    1.464192] VFS: Disk quotas dquot_6.6.0
[    1.466389] VFS: Dquot-cache hash table entries: 512 (order 0, 4096 bytes)
[    1.470097] squashfs: version 4.0 (2009/01/31) Phillip Lougher
[    1.473362] fuse init (API version 7.23)
[    1.475540] Key type big_key registered
[    1.477886] Allocating IMA MOK and blacklist keyrings.
[    1.482473] Key type asymmetric registered
[    1.484637] Asymmetric key parser 'x509' registered
[    1.487269] Block layer SCSI generic (bsg) driver version 0.4 loaded (major 249)
[    1.491256] io scheduler noop registered
[    1.493661] io scheduler deadline registered (default)
[    1.496614] io scheduler cfq registered
[    1.498826] pci_hotplug: PCI Hot Plug PCI Core version: 0.5
[    1.501673] pciehp: PCI Express Hot Plug Controller Driver version: 0.4
[    1.505437] ACPI: AC Adapter [AC] (off-line)
[    1.507686] input: Power Button as /devices/LNXSYSTM:00/LNXPWRBN:00/input/input0
[    1.511666] ACPI: Power Button [PWRF]
[    1.513888] input: Sleep Button as /devices/LNXSYSTM:00/LNXSLPBN:00/input/input1
[    1.518275] ACPI: Sleep Button [SLPF]
[    1.523289] ACPI: Battery Slot [BAT0] (battery present)
[    1.526867] GHES: HEST is not enabled!
[    1.529149] Serial: 8250/16550 driver, 32 ports, IRQ sharing enabled
[    1.554847] 00:02: ttyS0 at I/O 0x3f8 (irq = 4, base_baud = 115200) is a 16550A
[    1.563846] Linux agpgart interface v0.103
[    1.568968] loop: module loaded
[    1.571440] scsi host0: ata_piix
[    1.573384] scsi host1: ata_piix
[    1.575148] ata1: PATA max UDMA/33 cmd 0x1f0 ctl 0x3f6 bmdma 0xd000 irq 14
[    1.578643] ata2: PATA max UDMA/33 cmd 0x170 ctl 0x376 bmdma 0xd008 irq 15
[    1.582374] libphy: Fixed MDIO Bus: probed
[    1.584267] tun: Universal TUN/TAP device driver, 1.6
[    1.586531] tun: (C) 1999-2004 Max Krasnyansky <maxk@qualcomm.com>
[    1.589128] PPP generic driver version 2.4.2
[    1.591453] ehci_hcd: USB 2.0 'Enhanced' Host Controller (EHCI) Driver
[    1.595219] ehci-pci: EHCI PCI platform driver
[    1.597622] ehci-platform: EHCI generic platform driver
[    1.600239] ohci_hcd: USB 1.1 'Open' Host Controller (OHCI) Driver
[    1.603374] ohci-pci: OHCI PCI platform driver
[    1.605670] ohci-platform: OHCI generic platform driver
[    1.608278] uhci_hcd: USB Universal Host Controller Interface driver
[    1.611632] i8042: PNP: PS/2 Controller [PNP0303:PS2K,PNP0f03:PS2M] at 0x60,0x64 irq 1,12
[    1.616412] serio: i8042 KBD port at 0x60,0x64 irq 1
[    1.619016] serio: i8042 AUX port at 0x60,0x64 irq 12
[    1.621887] mousedev: PS/2 mouse device common for all mice
[    1.625159] input: AT Translated Set 2 keyboard as /devices/platform/i8042/serio0/input/input2
[    1.631041] rtc_cmos rtc_cmos: rtc core: registered rtc_cmos as rtc0
[    1.634156] rtc_cmos rtc_cmos: alarms up to one day, 114 bytes nvram
[    1.637353] i2c /dev entries driver
[    1.639247] device-mapper: uevent: version 1.0.3
[    1.641844] device-mapper: ioctl: 4.34.0-ioctl (2015-10-28) initialised: dm-devel@redhat.com
[    1.646247] ledtrig-cpu: registered to indicate activity on CPUs
[    1.650077] NET: Registered protocol family 10
[    1.652901] NET: Registered protocol family 17
[    1.655182] Key type dns_resolver registered
[    1.658039] registered taskstats version 1
[    1.660492] Loading compiled-in X.509 certificates
[    1.664407] Loaded X.509 cert 'Build time autogenerated kernel key: 5103689f9da3e841c6100f8bb032b132cf76e38d'
[    1.669507] zswap: loaded using pool lzo/zbud
[    1.674158] Key type trusted registered
[    1.680413] Key type encrypted registered
[    1.682623] AppArmor: AppArmor sha1 policy hashing enabled
[    1.685479] ima: No TPM chip found, activating TPM-bypass!
[    1.688221] ima: Allocated hash algorithm: sha1
[    1.691138] evm: HMAC attrs: 0x1
[    1.693974]   Magic number: 3:143:339
[    1.696382] rtc_cmos rtc_cmos: setting system clock to 2019-05-29 16:19:53 UTC (1559146793)
[    1.701173] BIOS EDD facility v0.16 2004-Jun-25, 0 devices found
[    1.704186] EDD information not available.
[    1.741712] Freeing unused kernel memory: 1484K
[    1.744128] Write protecting the kernel read-only data: 14336k
[    1.747694] Freeing unused kernel memory: 1620K
[    1.750405] Freeing unused kernel memory: 68K
Loading, please wait...
starting version 229
[    1.771626] random: systemd-udevd: uninitialized urandom read (16 bytes read, 3 bits of entropy available)
[    1.771880] random: udevadm: uninitialized urandom read (16 bytes read, 3 bits of entropy available)
[    1.771915] random: udevadm: uninitialized urandom read (16 bytes read, 3 bits of entropy available)
[    1.785756] random: udevadm: uninitialized urandom read (16 bytes read, 3 bits of entropy available)
[    1.785829] random: udevadm: uninitialized urandom read (16 bytes read, 3 bits of entropy available)
[    1.786043] random: udevadm: uninitialized urandom read (16 bytes read, 3 bits of entropy available)
[    1.786127] random: udevadm: uninitialized urandom read (16 bytes read, 3 bits of entropy available)
[    1.786206] random: udevadm: uninitialized urandom read (16 bytes read, 3 bits of entropy available)
[    1.786283] random: udevadm: uninitialized urandom read (16 bytes read, 3 bits of entropy available)
[    1.786362] random: udevadm: uninitialized urandom read (16 bytes read, 3 bits of entropy available)
[    1.876025] Fusion MPT base driver 3.04.20
[    1.878338] Copyright (c) 1999-2008 LSI Corporation
[    1.887402] e1000: Intel(R) PRO/1000 Network Driver - version 7.3.21-k8-NAPI
[    1.891053] e1000: Copyright (c) 1999-2006 Intel Corporation.
[    1.907792] Fusion MPT SPI Host driver 3.04.20
[    1.911581] AVX2 version of gcm_enc/dec engaged.
[    1.914522] AES CTR mode by8 optimization enabled
[    2.079139] input: ImExPS/2 Generic Explorer Mouse as /devices/platform/i8042/serio1/input/input4
[    2.509759] e1000 0000:00:03.0 eth0: (PCI:33MHz:32-bit) 02:5b:c0:ee:75:0a
[    2.513066] e1000 0000:00:03.0 eth0: Intel(R) PRO/1000 Network Connection
[    2.517603] mptbase: ioc0: Initiating bringup
[    2.581288] ioc0: LSI53C1030 A0: Capabilities={Initiator}
[    2.752281] scsi host2: ioc0: LSI53C1030 A0, FwRev=00000000h, Ports=1, MaxQ=256, IRQ=20
[    2.873264] scsi 2:0:0:0: Direct-Access     VBOX     HARDDISK         1.0  PQ: 0 ANSI: 5
[    2.877861] scsi target2:0:0: Beginning Domain Validation
[    2.882754] scsi target2:0:0: Domain Validation skipping write tests
[    2.885926] scsi target2:0:0: Ending Domain Validation
[    2.888653] scsi target2:0:0: asynchronous
[    2.908728] scsi 2:0:1:0: Direct-Access     VBOX     HARDDISK         1.0  PQ: 0 ANSI: 5
[    2.913493] scsi target2:0:1: Beginning Domain Validation
[    2.918568] scsi target2:0:1: Domain Validation skipping write tests
[    2.922101] scsi target2:0:1: Ending Domain Validation
[    2.925090] scsi target2:0:1: asynchronous
[    2.950040] sd 2:0:0:0: Attached scsi generic sg0 type 0
[    2.955137] sd 2:0:0:0: [sda] 20971520 512-byte logical blocks: (10.7 GB/10.0 GiB)
[    2.960666] sd 2:0:0:0: [sda] Write Protect is off
[    2.964130] sd 2:0:1:0: Attached scsi generic sg1 type 0
[    2.967390] sd 2:0:0:0: [sda] Incomplete mode parameter data
[    2.970438] sd 2:0:0:0: [sda] Assuming drive cache: write through
[    2.974066] sd 2:0:1:0: [sdb] 20480 512-byte logical blocks: (10.5 MB/10.0 MiB)
[    2.980504] sd 2:0:1:0: [sdb] Write Protect is off
[    2.983484] sd 2:0:1:0: [sdb] Incomplete mode parameter data
[    2.987330] sd 2:0:1:0: [sdb] Assuming drive cache: write through
[    2.993444]  sda: sda1
[    2.997395] sd 2:0:0:0: [sda] Attached SCSI disk
[    3.000588] sd 2:0:1:0: [sdb] Attached SCSI disk
[    3.417300] e1000 0000:00:08.0 eth1: (PCI:33MHz:32-bit) 08:00:27:4a:6c:1c
[    3.424735] e1000 0000:00:08.0 eth1: Intel(R) PRO/1000 Network Connection
[    3.447338] e1000 0000:00:03.0 enp0s3: renamed from eth0
[    3.479413] e1000 0000:00:08.0 enp0s8: renamed from eth1
Begin: Loading essential drivers ... [    4.938056] md: linear personality registered for level -1
[    4.943288] md: multipath personality registered for level -4
[    4.948395] md: raid0 personality registered for level 0
[    4.955094] md: raid1 personality registered for level 1
[    5.028602] raid6: sse2x1   gen()  8090 MB/s
[    5.096694] raid6: sse2x1   xor()  6102 MB/s
[    5.164615] raid6: sse2x2   gen()  9935 MB/s
[    5.232653] raid6: sse2x2   xor()  6466 MB/s
[    5.300725] raid6: sse2x4   gen() 11029 MB/s
[    5.368792] raid6: sse2x4   xor()  8064 MB/s
[    5.436747] raid6: avx2x1   gen() 15585 MB/s
[    5.504800] raid6: avx2x2   gen() 17942 MB/s
[    5.572763] raid6: avx2x4   gen() 21128 MB/s
[    5.574539] raid6: using algorithm avx2x4 gen() 21128 MB/s
[    5.577033] raid6: using avx2x2 recovery algorithm
[    5.580923] xor: automatically using best checksumming function:
[    5.626682]    avx       : 50640.000 MB/sec
[    5.630854] async_tx: api initialized (async)
[    5.644614] md: raid6 personality registered for level 6
[    5.646708] md: raid5 personality registered for level 5
[    5.648943] md: raid4 personality registered for level 4
[    5.660276] md: raid10 personality registered for level 10
done.
Begin: Running /scripts/init-premount ... done.
Begin: Mounting root file system ... Begin: Running /scripts/local-top ... done.
Begin: Running /scripts/local-premount ... [    5.702490] Btrfs loaded
Scanning for Btrfs filesystems
done.
Warning: fsck not present, so skipping root file system
[    5.824463] EXT4-fs (sda1): mounted filesystem with ordered data mode. Opts: (null)
done.
Begin: Running /scripts/local-bottom ... done.
Begin: Running /scripts/init-bottom ... done.
[    6.058011] systemd[1]: systemd 229 running in system mode. (+PAM +AUDIT +SELINUX +IMA +APPARMOR +SMACK +SYSVINIT +UTMP +LIBCRYPTSETUP +GCRYPT +GNUTLS +ACL +XZ -LZ4 +SECCOMP +BLKID +ELFUTILS +KMOD -IDN)
[    6.066890] systemd[1]: Detected virtualization oracle.
[    6.069671] systemd[1]: Detected architecture x86-64.

Welcome to [1mUbuntu 16.04.6 LTS[0m!

[    6.084410] systemd[1]: Set hostname to <ubuntu>.
[    6.091395] systemd[1]: Initializing machine ID from random generator.
[    6.095146] systemd[1]: Installed transient /etc/machine-id file.
[    6.680395] systemd[1]: Reached target System Time Synchronized.
[[0;32m  OK  [0m] Reached target System Time Synchronized.
[    6.685618] systemd[1]: Started Forward Password Requests to Wall Directory Watch.
[[0;32m  OK  [0m] Started Forward Password Requests to Wall Directory Watch.
[    6.691302] systemd[1]: Reached target Swap.
[[0;32m  OK  [0m] Reached target Swap.
[    6.696592] systemd[1]: Listening on Journal Socket.
[[0;32m  OK  [0m] Listening on Journal Socket.
[    6.700872] systemd[1]: Reached target Encrypted Volumes.
[[0;32m  OK  [0m] Reached target Encrypted Volumes.
[    6.705789] systemd[1]: Listening on udev Kernel Socket.
[[0;32m  OK  [0m] Listening on udev Kernel Socket.
[    6.711257] systemd[1]: Listening on LVM2 metadata daemon socket.
[[0;32m  OK  [0m] Listening on LVM2 metadata daemon socket.
[    6.717573] systemd[1]: Reached target User and Group Name Lookups.
[[0;32m  OK  [0m] Reached target User and Group Name Lookups.
[    6.724647] systemd[1]: Listening on udev Control Socket.
[[0;32m  OK  [0m] Listening on udev Control Socket.
[    6.730920] systemd[1]: Started Trigger resolvconf update for networkd DNS.
[[0;32m  OK  [0m] Started Trigger resolvconf update for networkd DNS.
[    6.739192] systemd[1]: Created slice User and Session Slice.
[[0;32m  OK  [0m] Created slice User and Session Slice.
[    6.745585] systemd[1]: Listening on Journal Socket (/dev/log).
[[0;32m  OK  [0m] Listening on Journal Socket (/dev/log).
[    6.751520] systemd[1]: Listening on Device-mapper event daemon FIFOs.
[[0;32m  OK  [0m] Listening on Device-mapper event daemon FIFOs.
[    6.758834] systemd[1]: Created slice System Slice.
[[0;32m  OK  [0m] Created slice System Slice.
[    6.777272] systemd[1]: Starting Load Kernel Modules...
         Starting Load Kernel Modules...
[    6.784047] systemd[1]: Mounting Huge Pages File System...
         Mounting Huge Pages File System...
[    6.792034] systemd[1]: Starting Set console keymap...
         Starting Set console keymap...
[    6.800395] systemd[1]: Created slice system-serial\x2dgetty.slice.
[[0;32m  OK  [0m] Created slice system-serial\x2dgetty.slice.
[    6.808017] systemd[1]: Mounting POSIX Message Queue File System...
[    6.813363] Loading iSCSI transport class v2.0-870.
         Mounting POSIX Message Queue File System...
[    6.821014] systemd[1]: Starting Uncomplicated firewall...
         Starting Uncomplicated firewall...
[    6.831106] systemd[1]: Mounting Debug File System...
         Mounting Debug File System...
[    6.837159] iscsi: registered transport (tcp)
[    6.840318] systemd[1]: Listening on Syslog Socket.
[[0;32m  OK  [0m] Listening on Syslog Socket.
[    6.846485] systemd[1]: Listening on LVM2 poll daemon socket.
[[0;32m  OK  [0m] Listening on LVM2 poll daemon socket.
[    6.855672] systemd[1]: Starting Remount Root and Kernel File Systems...
         Starting Remount Root and Kernel File Systems...
[    6.866158] systemd[1]: Starting Nameserver information manager...
         Starting Nameserver information manager...
[    6.898441] EXT4-fs (sda1): re-mounted. Opts: (null)
[    6.906718] systemd[1]: Listening on Journal Audit Socket.
[[0;32m  OK  [0m] Listening on Journal Audit Socket.
[    6.933049] systemd[1]: Reached target Slices.
[[0;32m  OK  [0m] Reached target Slices.
[    6.969314] systemd[1]: Starting Journal Service...
         Starting Journal Service...
[    6.980352] systemd[1]: Set up automount Arbitrary Executable File Formats File System Automount Point.
[[0;32m  OK  [0m] Set up automount Arbitrary Executab...ats File System Automount Point.
[    7.004904] iscsi: registered transport (iser)
[    7.029725] systemd[1]: Starting Create list of required static device nodes for the current kernel...
         Starting Create list of required st... nodes for the current kernel...
[    7.043961] systemd[1]: Listening on /dev/initctl Compatibility Named Pipe.
[[0;32m  OK  [0m] Listening on /dev/initctl Compatibility Named Pipe.
[    7.059933] systemd[1]: Starting Monitoring of LVM2 mirrors, snapshots etc. using dmeventd or progress polling...
         Starting Monitoring of LVM2 mirrors... dmeventd or progress polling...
[    7.079795] systemd[1]: Mounted POSIX Message Queue File System.
[[0;32m  OK  [0m] Mounted POSIX Message Queue File System.
[    7.093162] systemd[1]: Mounted Huge Pages File System.
[    7.098003] random: nonblocking pool is initialized
[[0;32m  OK  [0m] Mounted Huge Pages File System.
[    7.104202] systemd[1]: Mounted Debug File System.
[[0;32m  OK  [0m] Mounted Debug File System.
[    7.110684] systemd[1]: Started Journal Service.
[[0;32m  OK  [0m] Started Journal Service.
[[0;32m  OK  [0m] Started Load Kernel Modules.
[[0;32m  OK  [0m] Started Set console keymap.
[[0;32m  OK  [0m] Started Uncomplicated firewall.
[[0;32m  OK  [0m] Started Remount Root and Kernel File Systems.
[[0;32m  OK  [0m] Started Create list of required sta...ce nodes for the current kernel.
[[0;32m  OK  [0m] Started Nameserver information manager.
[[0;32m  OK  [0m] Started LVM2 metadata daemon.
         Starting Create Static Device Nodes in /dev...
         Starting Load/Save Random Seed...
         Starting udev Coldplug all Devices...
         Starting Apply Kernel Variables...
         Mounting FUSE Control File System...
         Starting Flush Journal to Persistent Storage...
[[0;32m  OK  [0m] Started Load/Save Random Seed.
[[0;32m  OK  [0m] Mounted FUSE Control File System.
[[0;32m  OK  [0m] Started Create Static Device Nodes in /dev.
[    7.425530] systemd-journald[406]: Received request to flush runtime journal from PID 1
[[0;32m  OK  [0m] Started udev Coldplug all Devices.
[[0;32m  OK  [0m] Started Flush Journal to Persistent Storage.
[[0;32m  OK  [0m] Started Apply Kernel Variables.
         Starting udev Kernel Device Manager...
[[0;32m  OK  [0m] Started Monitoring of LVM2 mirrors,...ng dmeventd or progress polling.
[[0;32m  OK  [0m] Reached target Local File Systems (Pre).
[[0;32m  OK  [0m] Reached target Local File Systems.
         Starting Initial cloud-init job (pre-networking)...
         Starting Create Volatile Files and Directories...
         Starting Tell Plymouth To Write Out Runtime Data...
         Starting Commit a transient machine-id on disk...
         Starting Set console font and keymap...
         Starting LSB: AppArmor initialization...
[[0;32m  OK  [0m] Started Create Volatile Files and Directories.
[[0;32m  OK  [0m] Started Tell Plymouth To Write Out Runtime Data.
[[0;32m  OK  [0m] Started Commit a transient machine-id on disk.
         Starting Update UTMP about System Boot/Shutdown...
[[0;32m  OK  [0m] Started udev Kernel Device Manager.
[[0;32m  OK  [0m] Started Dispatch Password Requests to Console Directory Watch.
[[0;32m  OK  [0m] Started Update UTMP about System Boot/Shutdown.
[[0;32m  OK  [0m] Found device /dev/ttyS0.
[[0;32m  OK  [0m] Listening on Load/Save RF Kill Switch Status /dev/rfkill Watch.
[[0;32m  OK  [0m] Started LSB: AppArmor initialization.
[[0;32m  OK  [0m] Started Set console font and keymap.
[[0;32m  OK  [0m] Created slice system-getty.slice.
[   10.121294] cloud-init[476]: Cloud-init v. 18.5-45-g3554ffe8-0ubuntu1~16.04.1 running 'init-local' at Wed, 29 May 2019 16:20:01 +0000. Up 9.55 seconds.
[[0;32m  OK  [0m] Started Initial cloud-init job (pre-networking).
[[0;32m  OK  [0m] Reached target Network (Pre).
         Starting Raise network interfaces...
[[0;32m  OK  [0m] Started Raise network interfaces.
[[0;32m  OK  [0m] Reached target Network.
         Starting Initial cloud-init job (metadata service crawler)...
[   12.446475] cloud-init[963]: Cloud-init v. 18.5-45-g3554ffe8-0ubuntu1~16.04.1 running 'init' at Wed, 29 May 2019 16:20:03 +0000. Up 11.34 seconds.
[   12.460725] cloud-init[963]: ci-info: ++++++++++++++++++++++++++++++++++++++Net device info+++++++++++++++++++++++++++++++++++++++
[   12.466508] cloud-init[963]: ci-info: +--------+-------+----------------------------+---------------+--------+-------------------+
[   12.476819] cloud-init[963]: ci-info: | Device |   Up  |          Address           |      Mask     | Scope  |     Hw-Address    |
[   12.482260] cloud-init[963]: ci-info: +--------+-------+----------------------------+---------------+--------+-------------------+
[   12.500725] cloud-init[963]: ci-info: | enp0s3 |  True |         10.0.2.15          | 255.255.255.0 | global | 02:5b:c0:ee:75:0a |
[   12.506692] cloud-init[963]: ci-info: | enp0s3 |  True | fe80::5b:c0ff:feee:750a/64 |       .       |  link  | 02:5b:c0:ee:75:0a |
[   12.513340] cloud-init[963]: ci-info: | enp0s8 | False |             .              |       .       |   .    | 08:00:27:4a:6c:1c |
[   12.528860] cloud-init[963]: ci-info: |   lo   |  True |         127.0.0.1          |   255.0.0.0   |  host  |         .         |
[   12.541249] cloud-init[963]: ci-info: |   lo   |  True |          ::1/128           |       .       |  host  |         .         |
[   12.556856] cloud-init[963]: ci-info: +--------+-------+----------------------------+---------------+--------+-------------------+
[   12.562129] cloud-init[963]: ci-info: +++++++++++++++++++++++++++Route IPv4 info++++++++++++++++++++++++++++
[   12.567511] cloud-init[963]: ci-info: +-------+-------------+----------+---------------+-----------+-------+
[   12.573736] cloud-init[963]: ci-info: | Route | Destination | Gateway  |    Genmask    | Interface | Flags |
[   12.579774] cloud-init[963]: ci-info: +-------+-------------+----------+---------------+-----------+-------+
[   12.586163] cloud-init[963]: ci-info: |   0   |   0.0.0.0   | 10.0.2.2 |    0.0.0.0    |   enp0s3  |   UG  |
[[0;32m  OK  [0m] Started Initial cloud-init job (metadata service crawler).
[   12.594569] cloud-init[963]: ci-info: |   1   |   10.0.2.0  | 0.0.0.0  | 255.255.255.0 |   enp0s3  |   U   |[[0;32m  OK  [0m] Reached target System Initialization.
[[0;32m  OK  [0m] Listening on D-Bus System Message Bus Socket.

[   12.633170] cloud-init[963]: ci-info: +-------+-------------+----------+---------------+-----------+-------+
         Starting LXD - unix socket.
[   12.639473] cloud-init[963]: ci-info: +++++++++++++++++++Route IPv6 info+++++++++++++++++++
[   12.644890] cloud-init[963]: ci-info: +-------+-------------+---------+-----------+-------+
[   12.654336] cloud-init[963]: ci-info: | Route | Destination | Gateway | Interface | Flags |
[[0;32m  OK  [0m] Started ACPI Events Check.[   12.668910] cloud-init[963]: ci-info: +-------+-------------+---------+-----------+-------+
[[0;32m  OK  [0m] Reached target Paths.

[   12.677142] cloud-init[963]: ci-info: |   0   |  fe80::/64  |    ::   |   enp0s3  |   U   |[[0;32m  OK  [0m] 
Listening on UUID daemon activation socket.[   12.702959] cloud-init[963]: ci-info: |   3   |   ff00::/8  |    ::   |   enp0s3  |   U   |
[   12.704708] cloud-init[963]: ci-info: +-------+-------------+---------+-----------+-------+
[   12.709537] cloud-init[963]: Generating public/private rsa key pair.

[[0;32m  OK  [0m[   12.712443] cloud-init[963]: Your identification has been saved in /etc/ssh/ssh_host_rsa_key.
[   12.722252] cloud-init[963]: Your public key has been saved in /etc/ssh/ssh_host_rsa_key.pub.
] Started Daily Cleanup of Temporary Directories.
[[   12.724812] [0;32m  OK  [0mcloud-init] [963]: Started Daily apt download activities.The key fingerprint is:

[   12.736938] cloud-init[963]: SHA256:u/+MiDJkWaUATfz80yssnyzZhaw8To2Q/TDs+rpKIUI root@ubuntu-xenial
[   12.737407] cloud-init[963]: The key's randomart image is:
         Starting Socket activation for snappy daemon.
[   12.740347] cloud-init[963]: +---[RSA 2048]----+
[   12.743040] cloud-init[963]: |  .=.            |
[[   12.743525] [0;32m  OK  [0mcloud-init] [963]: Listening on ACPID Listen Socket.|    +   .        |

[   12.743631] cloud-init[963]: | E   + o         |
[[0;32m  OK  [0m] Started Daily apt upgrade and clean activities.
[   12.753640] cloud-init[963]: |.    +=          |
[   12.755657] cloud-init[963]: |o . oo=oSo       |
[[   12.756270] [0;32m  OK  [0mcloud-init] [963]: Reached target Timers.|.. .+o *=.o      |

[[   12.757375] cloud-init[963]: |  .o .+=+o .     |
[   12.762533] cloud-init[963]: | .  ooBo++.o     |
[   12.765190] cloud-init[963]: |  ..+B+=*oo.o    |
[   12.766678] cloud-init[963]: +----[SHA256]-----+
[0;32m  OK  [0m[   12.769296] ] cloud-initReached target Cloud-config availability.[963]: 
Generating public/private dsa key pair.
[   12.770213] cloud-init[963]: Your identification has been saved in /etc/ssh/ssh_host_dsa_key.
[   12.775394] cloud-init[963]: Your public key has been saved in /etc/ssh/ssh_host_dsa_key.pub.
[[0;32m  OK  [0m] Reached target Network is Online.
[   12.777394] cloud-init[963]: The key fingerprint is:
[   12.800929] cloud-init[963]: SHA256:QSGrRjA5JH+pHoo8IVUDQ+nO3rJMJTnu+aME1++nVXE root@ubuntu-xenial
[   12.801634] cloud-init[963]: The key's randomart image is:
         Starting iSCSI initiator daemon (iscsid)...
[[0;32m  OK  [0m] Listening on LXD - unix socket.
[[0;32m  OK  [0m] Listening on Socket activation for snappy daemon.
[   12.802349] cloud-init[963]: +---[DSA 1024]----+
[   12.823256] [[0;32m  OK  [0m] Reached target Sockets.
cloud-init[[963]: [0;32m  OK  [0m|.oB+o . o.       |] 
Reached target Basic System.
[   12.829871] cloud-init[963]: | o+= o +         |
[   12.830230] cloud-init[963]: | .o.+ . . . E    |[
[0;32m  OK  [0m] Started Unattended Upgrades Shutdown.
[   12.830325] cloud-init[963]: | ..* .   . o     |
[   12.838660] cloud-init[963]: |o+B =   S .      |
[   12.841980] cloud-init[963]: |+*+* .   .       |
[   12.844840] cloud-init[963]: |o+=.  . .        |
[   12.848055] cloud-init[963]: | =+.o. ..        |
[   12.850880] cloud-init[963]: |  *=..oo         |
[   12.854983] cloud-init[963]: +----[SHA256]-----+
[   12.858013] cloud-init[963]: Generating public/private ecdsa key pair.
         Starting LSB: Record successful boot for GRUB...
[   12.858364] cloud-init[963]: Your identification has been saved in /etc/ssh/ssh_host_ecdsa_key.
         Starting LXD - container startup/shutdown...
[   12.868047] cloud-init[963]: Your public key has been saved in /etc/ssh/ssh_host_ecdsa_key.pub.
[   12.876518] cloud-init[963]: The key fingerprint is:
[   12.887366] cloud-init[963]: SHA256:1EOGTDLgZvO5l7j26hHkunIuGm1D23tiTtVed5TMk7E root@ubuntu-xenial         Starting Login Service...
         Starting /etc/rc.local Compatibility...
[[0;32m  OK  [0m] Started D-Bus System Message Bus.

[   12.899015] cloud-init[963]: The key's randomart image is:
[   12.907382] cloud-init[963]: +---[ECDSA 256]---+
[   12.910098] cloud-init[963]: |    ..oo..o   .  |
[   12.914070] cloud-init[963]: |   .   oo+   o = |
[   12.917561] cloud-init[963]: |    = . . o   E  |
[   12.921005] cloud-init[963]: |   o = +   . . . |
[   12.923591] cloud-init[963]: |  .   * S . . .  |
[   12.927095] cloud-init[963]: | o o o = o . .   |
[   12.929806] cloud-init[963]: |. = + + +        |
[   12.934364] cloud-init[963]: | ooo+oo+         |
[   12.936815] cloud-init[963]: |.. B==+o.        |
[   12.940539] cloud-init[963]: +----[SHA256]-----+
[   12.945022] cloud-init[963]: Generating public/private ed25519 key pair.
[   12.949226] cloud-init[963]: Your identification has been saved in /etc/ssh/ssh_host_ed25519_key.
[   12.954223] cloud-init[963]: Your public key has been saved in /etc/ssh/ssh_host_ed25519_key.pub.
[   12.958678] cloud-init[963]: The key fingerprint is:
[   12.962404] cloud-init[963]: SHA256:YCZT/x8EjubxoYdn+s15SnZs17dfqH+s9q/7BTXlXEU root@ubuntu-xenial
[   12.967553] cloud-init[963]: The key's randomart image is:
[   12.971337] cloud-init[963]: +--[ED25519 256]--+
[   12.974266] cloud-init[963]: |      .   .    .E|
[   12.977050] cloud-init[963]: |     . . o .   oo|
[   12.979942] cloud-init[963]: |    o + = o .  .+|
[   12.982582] cloud-init[963]: |     = + * o   ..|
[   12.985925] cloud-init[963]: |        S * . .  |
[   12.988920] cloud-init[963]: |         = . o o.|
[   12.991723] cloud-init[963]: |        .   + =.*|
[   12.995185] cloud-init[963]: |         . = =o.B|
[   12.997440] cloud-init[963]: |          . *==OB|
[   13.000454] cloud-init[963]: +----[SHA256]-----+
         Starting Accounts Service...
         Starting System Logging Service...
[[0;32m  OK  [0m] Started Deferred execution scheduler.
         Starting LSB: MD monitoring daemon...
[[0;32m  OK  [0m] Started ACPI event daemon.
         Starting Virtualbox guest utils...
         Starting Snappy daemon...
[[0;32m  OK  [0m] Started FUSE filesystem for LXC.
         Starting Pollinate to seed the pseudo random number generator...
[[0;32m  OK  [0m] Started Regular background program processing daemon.
[[0;32m  OK  [0m] Started /etc/rc.local Compatibility.
[[0;32m  OK  [0m] Started iSCSI initiator daemon (iscsid).
[[0;32m  OK  [0m] Started System Logging Service.
[[0;32m  OK  [0m] Started LSB: Record successful boot for GRUB.
[[0;32m  OK  [0m] Started Login Service.
         Starting Authenticate and Authorize Users to Run Privileged Tasks...
         Starting Login to default iSCSI targets...
[[0;32m  OK  [0m] Started LSB: MD monitoring daemon.
[[0;32m  OK  [0m] Started Login to default iSCSI targets.
[[0;32m  OK  [0m] Reached target Remote File Systems (Pre).
[[0;32m  OK  [0m] Reached target Remote File Systems.
         Starting LSB: automatic crash report generation...
         Starting LSB: daemon to balance interrupts for SMP systems...
         Starting Permit User Sessions...
         Starting LSB: Set the CPU Frequency Scaling governor to "ondemand"...
[[0;32m  OK  [0m] Started LXD - container startup/shutdown.
[[0;32m  OK  [0m] Started Permit User Sessions.
[[0;32m  OK  [0m] Started Authenticate and Authorize Users to Run Privileged Tasks.
[[0;32m  OK  [0m] Started Accounts Service.
[[0;32m  OK  [0m] Started Virtualbox guest utils.
         Starting Hold until boot process finishes up...
         Starting Terminate Plymouth Boot Screen...
[[0;32m  OK  [0m] Started LSB: Set the CPU Frequency Scaling governor to "ondemand".
[[0;32m  OK  [0m] Started Hold until boot process finishes up.
[[0;32m  OK  [0m] Started Terminate Plymouth Boot Screen.
[[0;32m  OK  [0m] Started LSB: automatic crash report generation.
[[0;32m  OK  [0m] Started LSB: daemon to balance interrupts for SMP systems.
         Starting Set console scheme...
[[0;32m  OK  [0m] Started Getty on tty1.
[[0;32m  OK  [0m] Started Serial Getty on ttyS0.
[[0;32m  OK  [0m] Reached target Login Prompts.
[[0;32m  OK  [0m] Started Set console scheme.
[[0;32m  OK  [0m] Started Snappy daemon.
         Starting Wait until snapd is fully seeded...
[[0;32m  OK  [0m] Started Pollinate to seed the pseudo random number generator.
         Starting OpenBSD Secure Shell server...
[[0;32m  OK  [0m] Started OpenBSD Secure Shell server.
[[0;32m  OK  [0m] Created slice User Slice of vagrant.
         Starting User Manager for UID 1000...
[[0;32m  OK  [0m] Started Session 1 of user vagrant.
[[0;32m  OK  [0m] Started User Manager for UID 1000.
[[0;32m  OK  [0m] Started Wait until snapd is fully seeded.
         Starting Apply the settings specified in cloud-config...
[[0;32m  OK  [0m] Reached target Multi-User System.
[[0;32m  OK  [0m] Reached target Graphical Interface.
         Starting Update UTMP about System Runlevel Changes...
[[0;32m  OK  [0m] Started Update UTMP about System Runlevel Changes.
[   16.485605] cloud-init[1366]: Generating locales (this might take a while)...
         Stopping User Manager for UID 1000...
[[0;32m  OK  [0m] Stopped User Manager for UID 1000.
[[0;32m  OK  [0m] Removed slice User Slice of vagrant.
[   18.319391] cloud-init[1366]:   en_US.UTF-8... done
[   18.327481] cloud-init[1366]: Generation complete.
[[0;32m  OK  [0m] Created slice User Slice of vagrant.
         Starting User Manager for UID 1000...
[[0;32m  OK  [0m] Started Session 2 of user vagrant.
[[0;32m  OK  [0m] Started User Manager for UID 1000.
[   19.314153] cloud-init[1366]: Cloud-init v. 18.5-45-g3554ffe8-0ubuntu1~16.04.1 running 'modules:config' at Wed, 29 May 2019 16:20:08 +0000. Up 16.16 seconds.

Ubuntu 16.04.6 LTS ubuntu-xenial ttyS0

ubuntu-xenial login: ci-info: no authorized ssh keys fingerprints found for user ubuntu.
<14>May 29 16:20:12 ec2: 
<14>May 29 16:20:12 ec2: #############################################################
<14>May 29 16:20:12 ec2: -----BEGIN SSH HOST KEY FINGERPRINTS-----
<14>May 29 16:20:12 ec2: 1024 SHA256:QSGrRjA5JH+pHoo8IVUDQ+nO3rJMJTnu+aME1++nVXE root@ubuntu-xenial (DSA)
<14>May 29 16:20:12 ec2: 256 SHA256:1EOGTDLgZvO5l7j26hHkunIuGm1D23tiTtVed5TMk7E root@ubuntu-xenial (ECDSA)
<14>May 29 16:20:12 ec2: 256 SHA256:YCZT/x8EjubxoYdn+s15SnZs17dfqH+s9q/7BTXlXEU root@ubuntu-xenial (ED25519)
<14>May 29 16:20:12 ec2: 2048 SHA256:u/+MiDJkWaUATfz80yssnyzZhaw8To2Q/TDs+rpKIUI root@ubuntu-xenial (RSA)
<14>May 29 16:20:12 ec2: -----END SSH HOST KEY FINGERPRINTS-----
<14>May 29 16:20:12 ec2: #############################################################
-----BEGIN SSH HOST KEY KEYS-----
ecdsa-sha2-nistp256 AAAAE2VjZHNhLXNoYTItbmlzdHAyNTYAAAAIbmlzdHAyNTYAAABBBEhl2RbkQWKTl/4Q4qDiXrEPOILP/TxEP0VJ++SApkq9Nc6MBuk5el9tZ8ReaK4RhP6HlK6HYMoCxEd+i3jrbW8= root@ubuntu-xenial
ssh-ed25519 AAAAC3NzaC1lZDI1NTE5AAAAIHNSiLl/ygmr5uw4vwHEycP+sNTpmLFw/YqJmhdJB8tf root@ubuntu-xenial
ssh-rsa AAAAB3NzaC1yc2EAAAADAQABAAABAQCXFOW3MIkw1/vlKXv1mCZXxUfFCA7xuHWUXJwpkPYKC0waXlmqB8TUdYrsx/j+r3Dm4PC011Bu6CXfHkRloJu43LhHR+JGlobXDvr5UrSL3NJ5FFhp4rR2DZJpu9AYMVl9MMeip5cwSlQWR2fvRWGZ7ZTk+8lP4psUxgBfTNYOey+mA7ytE69gvUhXxzaSwwmtS1KyVe101VlMvwEAfGOfEUmxkLgYf8gv/4vrGm3Vq00CdN8PNiVF3AO1TT2QPOWl8U+2w3aa+MgpkRM0FZKyosuKluwdLiCZyOfx7dNsWZL0P3rYpVpfGSQFjOtdmQV8V6IfTFInnlCC+AlyLsEB root@ubuntu-xenial
-----END SSH HOST KEY KEYS-----
[   20.424553] cloud-init[1626]: Cloud-init v. 18.5-45-g3554ffe8-0ubuntu1~16.04.1 running 'modules:final' at Wed, 29 May 2019 16:20:12 +0000. Up 19.96 seconds.
[   20.425289] cloud-init[1626]: ci-info: no authorized ssh keys fingerprints found for user ubuntu.
[   20.426241] cloud-init[1626]: Cloud-init v. 18.5-45-g3554ffe8-0ubuntu1~16.04.1 finished at Wed, 29 May 2019 16:20:12 +0000. Datasource DataSourceNoCloud [seed=/dev/sdb][dsmode=net].  Up 20.40 seconds
